# Logfile created on 2017-05-04 15:01:24 +0530 by logger.rb/v1.2.7
  INFO ---------------------------------------------------------------------------
  INFO START 2017-05-04 15:01:24 +0530 cap staging deploy
  INFO ---------------------------------------------------------------------------
  INFO [3a58343b] Running /usr/bin/env mkdir -p /tmp as ubuntu@107.21.199.234
  INFO [3f3ade15] Running /usr/bin/env mkdir -p /tmp as ubuntu@34.202.112.233
 DEBUG [3a58343b] Command: /usr/bin/env mkdir -p /tmp
 DEBUG [3f3ade15] Command: /usr/bin/env mkdir -p /tmp
  INFO ---------------------------------------------------------------------------
  INFO START 2017-05-04 15:02:11 +0530 cap staging deploy
  INFO ---------------------------------------------------------------------------
  INFO [4c9d7eb9] Running /usr/bin/env mkdir -p /tmp as ubuntu@34.202.112.233
 DEBUG [4c9d7eb9] Command: /usr/bin/env mkdir -p /tmp
  INFO [a38aed3d] Running /usr/bin/env mkdir -p /tmp as ubuntu@107.21.199.234
 DEBUG [a38aed3d] Command: /usr/bin/env mkdir -p /tmp
  INFO ---------------------------------------------------------------------------
  INFO START 2017-05-04 15:05:48 +0530 cap production hello
  INFO ---------------------------------------------------------------------------
  INFO ---------------------------------------------------------------------------
  INFO START 2017-05-04 15:06:27 +0530 cap production deploy
  INFO ---------------------------------------------------------------------------
  INFO ---------------------------------------------------------------------------
  INFO START 2017-05-04 15:10:15 +0530 cap production hello
  INFO ---------------------------------------------------------------------------
  INFO ---------------------------------------------------------------------------
  INFO START 2017-05-04 15:10:20 +0530 cap production hello
  INFO ---------------------------------------------------------------------------
  INFO ---------------------------------------------------------------------------
  INFO START 2017-05-04 15:10:23 +0530 cap production hello
  INFO ---------------------------------------------------------------------------
  INFO ---------------------------------------------------------------------------
  INFO START 2017-05-04 15:10:36 +0530 cap production hello
  INFO ---------------------------------------------------------------------------
  INFO ---------------------------------------------------------------------------
  INFO START 2017-05-04 15:10:48 +0530 cap production hello
  INFO ---------------------------------------------------------------------------
  INFO ---------------------------------------------------------------------------
  INFO START 2017-05-04 15:11:35 +0530 cap production hello
  INFO ---------------------------------------------------------------------------
  INFO ---------------------------------------------------------------------------
  INFO START 2017-05-04 15:11:42 +0530 cap production hello bye
  INFO ---------------------------------------------------------------------------
  INFO ---------------------------------------------------------------------------
  INFO START 2017-05-04 15:12:04 +0530 cap production hello
  INFO ---------------------------------------------------------------------------
  INFO ---------------------------------------------------------------------------
  INFO START 2017-05-04 15:12:46 +0530 cap production hello goodbye
  INFO ---------------------------------------------------------------------------
  INFO ---------------------------------------------------------------------------
  INFO START 2017-05-04 15:12:56 +0530 cap production hello
  INFO ---------------------------------------------------------------------------
  INFO ---------------------------------------------------------------------------
  INFO START 2017-05-04 15:13:43 +0530 cap production hello goodbye
  INFO ---------------------------------------------------------------------------
  INFO ---------------------------------------------------------------------------
  INFO START 2017-05-04 15:13:45 +0530 cap production hello
  INFO ---------------------------------------------------------------------------
  INFO ---------------------------------------------------------------------------
  INFO START 2017-05-04 15:14:12 +0530 cap staging hello
  INFO ---------------------------------------------------------------------------
  INFO ---------------------------------------------------------------------------
  INFO START 2017-05-04 15:16:45 +0530 cap production hello
  INFO ---------------------------------------------------------------------------
  INFO ---------------------------------------------------------------------------
  INFO START 2017-05-04 15:16:58 +0530 cap production hello
  INFO ---------------------------------------------------------------------------
  INFO ---------------------------------------------------------------------------
  INFO START 2017-05-04 15:17:07 +0530 cap production hello
  INFO ---------------------------------------------------------------------------
  INFO ---------------------------------------------------------------------------
  INFO START 2017-05-04 15:17:26 +0530 cap production hello
  INFO ---------------------------------------------------------------------------
  INFO ---------------------------------------------------------------------------
  INFO START 2017-05-04 15:19:22 +0530 cap production hello
  INFO ---------------------------------------------------------------------------
  INFO ---------------------------------------------------------------------------
  INFO START 2017-05-04 15:19:58 +0530 cap production hello
  INFO ---------------------------------------------------------------------------
  INFO ---------------------------------------------------------------------------
  INFO START 2017-05-04 15:20:16 +0530 cap production hello
  INFO ---------------------------------------------------------------------------
  INFO ---------------------------------------------------------------------------
  INFO START 2017-05-04 15:20:42 +0530 cap production hello
  INFO ---------------------------------------------------------------------------
  INFO ---------------------------------------------------------------------------
  INFO START 2017-05-04 15:23:52 +0530 cap production hello
  INFO ---------------------------------------------------------------------------
  INFO ---------------------------------------------------------------------------
  INFO START 2017-05-04 15:27:04 +0530 cap production hello
  INFO ---------------------------------------------------------------------------
  INFO ---------------------------------------------------------------------------
  INFO START 2017-05-04 15:28:10 +0530 cap production hello
  INFO ---------------------------------------------------------------------------
  INFO ---------------------------------------------------------------------------
  INFO START 2017-05-04 15:29:05 +0530 cap production hello
  INFO ---------------------------------------------------------------------------
  INFO ---------------------------------------------------------------------------
  INFO START 2017-05-04 15:29:21 +0530 cap production hello
  INFO ---------------------------------------------------------------------------
  INFO ---------------------------------------------------------------------------
  INFO START 2017-05-04 15:29:35 +0530 cap production hello
  INFO ---------------------------------------------------------------------------
  INFO ---------------------------------------------------------------------------
  INFO START 2017-05-04 15:29:59 +0530 cap production hello
  INFO ---------------------------------------------------------------------------
  INFO ---------------------------------------------------------------------------
  INFO START 2017-05-04 15:30:00 +0530 cap production hello
  INFO ---------------------------------------------------------------------------
  INFO ---------------------------------------------------------------------------
  INFO START 2017-05-04 15:30:19 +0530 cap production hello
  INFO ---------------------------------------------------------------------------
  INFO ---------------------------------------------------------------------------
  INFO START 2017-05-04 15:30:52 +0530 cap production hello
  INFO ---------------------------------------------------------------------------
  INFO ---------------------------------------------------------------------------
  INFO START 2017-05-04 15:31:05 +0530 cap production hello
  INFO ---------------------------------------------------------------------------
  INFO ---------------------------------------------------------------------------
  INFO START 2017-05-04 15:32:39 +0530 cap production hello
  INFO ---------------------------------------------------------------------------
  INFO ---------------------------------------------------------------------------
  INFO START 2017-05-04 15:32:57 +0530 cap production hello
  INFO ---------------------------------------------------------------------------
  INFO ---------------------------------------------------------------------------
  INFO START 2017-05-04 15:39:27 +0530 cap production copy
  INFO ---------------------------------------------------------------------------
  INFO ---------------------------------------------------------------------------
  INFO START 2017-05-04 15:39:53 +0530 cap production copy
  INFO ---------------------------------------------------------------------------
  INFO ---------------------------------------------------------------------------
  INFO START 2017-05-04 15:40:13 +0530 cap production copy
  INFO ---------------------------------------------------------------------------
  INFO ---------------------------------------------------------------------------
  INFO START 2017-05-04 15:40:55 +0530 cap production copy
  INFO ---------------------------------------------------------------------------
  INFO ---------------------------------------------------------------------------
  INFO START 2017-05-04 15:41:46 +0530 cap production copy
  INFO ---------------------------------------------------------------------------
  INFO ---------------------------------------------------------------------------
  INFO START 2017-05-04 15:42:17 +0530 cap production copy
  INFO ---------------------------------------------------------------------------
  INFO ---------------------------------------------------------------------------
  INFO START 2017-05-04 15:43:36 +0530 cap production copy
  INFO ---------------------------------------------------------------------------
  INFO ---------------------------------------------------------------------------
  INFO START 2017-05-04 15:43:58 +0530 cap production copy
  INFO ---------------------------------------------------------------------------
  INFO ---------------------------------------------------------------------------
  INFO START 2017-05-04 15:56:26 +0530 cap production copy
  INFO ---------------------------------------------------------------------------
  INFO ---------------------------------------------------------------------------
  INFO START 2017-05-04 15:58:25 +0530 cap production copy
  INFO ---------------------------------------------------------------------------
  INFO ---------------------------------------------------------------------------
  INFO START 2017-05-04 15:58:37 +0530 cap production copy
  INFO ---------------------------------------------------------------------------
  INFO ---------------------------------------------------------------------------
  INFO START 2017-05-04 15:59:01 +0530 cap production copy
  INFO ---------------------------------------------------------------------------
  INFO ---------------------------------------------------------------------------
  INFO START 2017-05-04 15:59:34 +0530 cap production copy
  INFO ---------------------------------------------------------------------------
  INFO ---------------------------------------------------------------------------
  INFO START 2017-05-04 16:01:19 +0530 cap production copy
  INFO ---------------------------------------------------------------------------
  INFO ---------------------------------------------------------------------------
  INFO START 2017-05-04 16:02:21 +0530 cap production copy
  INFO ---------------------------------------------------------------------------
  INFO ---------------------------------------------------------------------------
  INFO START 2017-05-04 16:02:36 +0530 cap production copy
  INFO ---------------------------------------------------------------------------
  INFO ---------------------------------------------------------------------------
  INFO START 2017-05-04 16:04:02 +0530 cap production copy
  INFO ---------------------------------------------------------------------------
  INFO ---------------------------------------------------------------------------
  INFO START 2017-05-04 16:06:12 +0530 cap production copy
  INFO ---------------------------------------------------------------------------
  INFO ---------------------------------------------------------------------------
  INFO START 2017-05-04 16:06:40 +0530 cap production copy
  INFO ---------------------------------------------------------------------------
  INFO ---------------------------------------------------------------------------
  INFO START 2017-05-04 16:06:59 +0530 cap production copy
  INFO ---------------------------------------------------------------------------
  INFO ---------------------------------------------------------------------------
  INFO START 2017-05-04 16:08:26 +0530 cap production hello
  INFO ---------------------------------------------------------------------------
  INFO ---------------------------------------------------------------------------
  INFO START 2017-05-04 16:08:44 +0530 cap production hello
  INFO ---------------------------------------------------------------------------
  INFO ---------------------------------------------------------------------------
  INFO START 2017-05-04 16:10:40 +0530 cap production copy
  INFO ---------------------------------------------------------------------------
  INFO ---------------------------------------------------------------------------
  INFO START 2017-05-04 16:10:48 +0530 cap production copy:mkdir
  INFO ---------------------------------------------------------------------------
  INFO ---------------------------------------------------------------------------
  INFO START 2017-05-04 16:11:17 +0530 cap production copy:mkdir
  INFO ---------------------------------------------------------------------------
  INFO ---------------------------------------------------------------------------
  INFO START 2017-05-04 16:12:09 +0530 cap production mkdir
  INFO ---------------------------------------------------------------------------
  INFO ---------------------------------------------------------------------------
  INFO START 2017-05-04 16:12:25 +0530 cap production mkdir
  INFO ---------------------------------------------------------------------------
  INFO ---------------------------------------------------------------------------
  INFO START 2017-05-04 16:12:53 +0530 cap production mkdir
  INFO ---------------------------------------------------------------------------
